<?xml version="1.0" encoding="UTF-8" ?>
<testsuites disabled="0" errors="0" failures="5" tests="4" time="116.659">
 <testsuite name="NON ANGULAR APPLICATIONS " timestamp="2022-05-12T15:57:25" hostname="localhost" time="74.021" errors="0" tests="2" skipped="0" disabled="0" failures="3">
  <testcase classname="NON ANGULAR APPLICATIONS " name="Simply form filling application" time="60.015">
   <failure type="exception" message="Error: Timeout - Async callback was not invoked within timeout specified by jasmine.DEFAULT_TIMEOUT_INTERVAL."><![CDATA[Error: Timeout - Async callback was not invoked within timeout specified by jasmine.DEFAULT_TIMEOUT_INTERVAL.
    at Timeout._onTimeout (C:\Users\Aravind\AppData\Roaming\npm\node_modules\protractor\node_modules\jasmine-core\lib\jasmine-core\jasmine.js:4281:23)
    at listOnTimeout (internal/timers.js:554:17)
    at processTimers (internal/timers.js:497:7)]]>
   </failure>
   <failure type="exception" message="Error: Timeout - Async callback was not invoked within timeout specified by jasmine.DEFAULT_TIMEOUT_INTERVAL."><![CDATA[Error: Timeout - Async callback was not invoked within timeout specified by jasmine.DEFAULT_TIMEOUT_INTERVAL.
    at Timeout._onTimeout (C:\Users\Aravind\AppData\Roaming\npm\node_modules\protractor\node_modules\jasmine-core\lib\jasmine-core\jasmine.js:4281:23)
    at listOnTimeout (internal/timers.js:554:17)
    at processTimers (internal/timers.js:497:7)]]>
   </failure>
  </testcase>
  <testcase classname="NON ANGULAR APPLICATIONS " name="Drag and Drop " time="13.997">
   <failure type="exception" message="Failed: No element found using locator: By(css selector, *[id=&quot;draggable&quot;])"><![CDATA[NoSuchElementError: No element found using locator: By(css selector, *[id="draggable"])
    at C:\Users\Aravind\AppData\Roaming\npm\node_modules\protractor\built\element.js:814:27
    at ManagedPromise.invokeCallback_ (C:\Users\Aravind\AppData\Roaming\npm\node_modules\protractor\node_modules\selenium-webdriver\lib\promise.js:1376:14)
    at TaskQueue.execute_ (C:\Users\Aravind\AppData\Roaming\npm\node_modules\protractor\node_modules\selenium-webdriver\lib\promise.js:3084:14)
    at TaskQueue.executeNext_ (C:\Users\Aravind\AppData\Roaming\npm\node_modules\protractor\node_modules\selenium-webdriver\lib\promise.js:3067:27)
    at C:\Users\Aravind\AppData\Roaming\npm\node_modules\protractor\node_modules\selenium-webdriver\lib\promise.js:2927:27
    at C:\Users\Aravind\AppData\Roaming\npm\node_modules\protractor\node_modules\selenium-webdriver\lib\promise.js:668:7
    at processTicksAndRejections (internal/process/task_queues.js:93:5)Error
    at ElementArrayFinder.applyAction_ (C:\Users\Aravind\AppData\Roaming\npm\node_modules\protractor\built\element.js:459:27)
    at ElementArrayFinder.<computed> [as getId] (C:\Users\Aravind\AppData\Roaming\npm\node_modules\protractor\built\element.js:91:29)
    at ElementFinder.<computed> [as getId] (C:\Users\Aravind\AppData\Roaming\npm\node_modules\protractor\built\element.js:831:22)
    at ActionSequence.mouseMove (C:\Users\Aravind\AppData\Roaming\npm\node_modules\protractor\node_modules\selenium-webdriver\lib\actions.js:151:44)
    at ActionSequence.scheduleMouseAction_ (C:\Users\Aravind\AppData\Roaming\npm\node_modules\protractor\node_modules\selenium-webdriver\lib\actions.js:189:14)
    at ActionSequence.mouseDown (C:\Users\Aravind\AppData\Roaming\npm\node_modules\protractor\node_modules\selenium-webdriver\lib\actions.js:225:17)
    at ActionSequence.dragAndDrop (C:\Users\Aravind\AppData\Roaming\npm\node_modules\protractor\node_modules\selenium-webdriver\lib\actions.js:267:17)
    at UserContext.<anonymous> (D:\Synechron_09_May\Training\protractor\Actions.js:40:27)
    at C:\Users\Aravind\AppData\Roaming\npm\node_modules\protractor\node_modules\jasminewd2\index.js:112:25
    at new ManagedPromise (C:\Users\Aravind\AppData\Roaming\npm\node_modules\protractor\node_modules\selenium-webdriver\lib\promise.js:1077:7)
From: Task: Run it("Drag and Drop ") in control flow
    at UserContext.<anonymous> (C:\Users\Aravind\AppData\Roaming\npm\node_modules\protractor\node_modules\jasminewd2\index.js:94:19)
    at attempt (C:\Users\Aravind\AppData\Roaming\npm\node_modules\protractor\node_modules\jasmine-core\lib\jasmine-core\jasmine.js:4297:26)
    at QueueRunner.run (C:\Users\Aravind\AppData\Roaming\npm\node_modules\protractor\node_modules\jasmine-core\lib\jasmine-core\jasmine.js:4217:20)
    at QueueRunner.execute (C:\Users\Aravind\AppData\Roaming\npm\node_modules\protractor\node_modules\jasmine-core\lib\jasmine-core\jasmine.js:4199:10)
    at Spec.queueRunnerFactory (C:\Users\Aravind\AppData\Roaming\npm\node_modules\protractor\node_modules\jasmine-core\lib\jasmine-core\jasmine.js:909:35)
    at Spec.execute (C:\Users\Aravind\AppData\Roaming\npm\node_modules\protractor\node_modules\jasmine-core\lib\jasmine-core\jasmine.js:526:10)
    at UserContext.fn (C:\Users\Aravind\AppData\Roaming\npm\node_modules\protractor\node_modules\jasmine-core\lib\jasmine-core\jasmine.js:5340:37)
    at attempt (C:\Users\Aravind\AppData\Roaming\npm\node_modules\protractor\node_modules\jasmine-core\lib\jasmine-core\jasmine.js:4297:26)
    at QueueRunner.run (C:\Users\Aravind\AppData\Roaming\npm\node_modules\protractor\node_modules\jasmine-core\lib\jasmine-core\jasmine.js:4217:20)
    at runNext (C:\Users\Aravind\AppData\Roaming\npm\node_modules\protractor\node_modules\jasmine-core\lib\jasmine-core\jasmine.js:4257:20)
From asynchronous test: 
Error
    at Suite.<anonymous> (D:\Synechron_09_May\Training\protractor\Actions.js:32:5)
    at addSpecsToSuite (C:\Users\Aravind\AppData\Roaming\npm\node_modules\protractor\node_modules\jasmine-core\lib\jasmine-core\jasmine.js:1107:25)
    at Env.describe (C:\Users\Aravind\AppData\Roaming\npm\node_modules\protractor\node_modules\jasmine-core\lib\jasmine-core\jasmine.js:1074:7)
    at describe (C:\Users\Aravind\AppData\Roaming\npm\node_modules\protractor\node_modules\jasmine-core\lib\jasmine-core\jasmine.js:4399:18)
    at Object.<anonymous> (D:\Synechron_09_May\Training\protractor\Actions.js:1:1)
    at Module._compile (internal/modules/cjs/loader.js:1063:30)
    at Object.Module._extensions..js (internal/modules/cjs/loader.js:1092:10)
    at Module.load (internal/modules/cjs/loader.js:928:32)
    at Function.Module._load (internal/modules/cjs/loader.js:769:14)]]>
   </failure>
  </testcase>
 </testsuite>
 <testsuite name="Async Demo of JS" timestamp="2022-05-12T15:58:39" hostname="localhost" time="31.626" errors="0" tests="1" skipped="0" disabled="0" failures="2">
  <testcase classname="Async Demo of JS" name="First Test" time="31.621">
   <failure type="exception" message="Error: Timeout - Async callback was not invoked within timeout specified by jasmine.DEFAULT_TIMEOUT_INTERVAL."><![CDATA[Error: Timeout - Async callback was not invoked within timeout specified by jasmine.DEFAULT_TIMEOUT_INTERVAL.
    at Timeout._onTimeout (C:\Users\Aravind\AppData\Roaming\npm\node_modules\protractor\node_modules\jasmine-core\lib\jasmine-core\jasmine.js:4281:23)
    at listOnTimeout (internal/timers.js:554:17)
    at processTimers (internal/timers.js:497:7)]]>
   </failure>
   <failure type="toBe" message="Expected &apos;110&apos; to be 11."><![CDATA[Error: Failed expectation
    at D:\Synechron_09_May\Training\protractor\AdditionDemo.js:13:32
    at C:\Users\Aravind\AppData\Roaming\npm\node_modules\protractor\built\element.js:804:32
    at ManagedPromise.invokeCallback_ (C:\Users\Aravind\AppData\Roaming\npm\node_modules\protractor\node_modules\selenium-webdriver\lib\promise.js:1376:14)
    at TaskQueue.execute_ (C:\Users\Aravind\AppData\Roaming\npm\node_modules\protractor\node_modules\selenium-webdriver\lib\promise.js:3084:14)
    at TaskQueue.executeNext_ (C:\Users\Aravind\AppData\Roaming\npm\node_modules\protractor\node_modules\selenium-webdriver\lib\promise.js:3067:27)
    at C:\Users\Aravind\AppData\Roaming\npm\node_modules\protractor\node_modules\selenium-webdriver\lib\promise.js:2927:27
    at C:\Users\Aravind\AppData\Roaming\npm\node_modules\protractor\node_modules\selenium-webdriver\lib\promise.js:668:7
    at processTicksAndRejections (internal/process/task_queues.js:93:5)]]>
   </failure>
  </testcase>
 </testsuite>
 <testsuite name="Async Demo of JS" timestamp="2022-05-12T15:59:11" hostname="localhost" time="11.012" errors="0" tests="1" skipped="0" disabled="0" failures="0">
  <testcase classname="Async Demo of JS" name="First Test" time="11.006" />
 </testsuite>
</testsuites>